<?xml version="1.0" encoding="UTF-8"?>
<!-- Generated by org.testng.reporters.JUnitReportReporter -->
<testsuite hostname="DESKTOP-N46G1GJ" failures="0" tests="9" name="com.tek.testng.EcommerceDemo" time="0.033" errors="0" timestamp="2024-12-02T18:18:11 IST" skipped="1">
  <testcase classname="com.tek.testng.EcommerceDemo" name="register" time="0.007"/>
  <testcase classname="com.tek.testng.EcommerceDemo" name="login" time="0.002"/>
  <testcase classname="com.tek.testng.EcommerceDemo" name="login" time="0.002"/>
  <testcase classname="com.tek.testng.EcommerceDemo" name="myProfile" time="0.003"/>
  <testcase classname="com.tek.testng.EcommerceDemo" name="search" time="0.006"/>
  <testcase classname="com.tek.testng.EcommerceDemo" name="orders" time="0.002"/>
  <testcase classname="com.tek.testng.EcommerceDemo" name="cart" time="0.009"/>
  <testcase classname="com.tek.testng.EcommerceDemo" name="wishlist" time="0.002"/>
  <testcase classname="com.tek.testng.EcommerceDemo" name="seller">
    <skipped/>
  </testcase> <!-- seller -->
</testsuite> <!-- com.tek.testng.EcommerceDemo -->
