<?xml version="1.0" encoding="UTF-8"?>
<!-- Generated by org.testng.reporters.JUnitReportReporter -->
<testsuite hostname="DESKTOP-N46G1GJ" failures="0" tests="1" name="com.tek.testng.DynamicXpath" time="17.340" errors="0" timestamp="2024-12-19T15:13:28 IST" skipped="0">
  <testcase classname="com.tek.testng.DynamicXpath" name="xpath" time="17.340"/>
</testsuite> <!-- com.tek.testng.DynamicXpath -->
