<?xml version="1.0" encoding="UTF-8"?>
<!-- Generated by org.testng.reporters.JUnitReportReporter -->
<testsuite hostname="DESKTOP-N46G1GJ" failures="0" tests="1" name="com.tek.testng.Command" time="0.010" errors="0" timestamp="2024-12-03T15:29:57 IST" skipped="0">
  <testcase classname="com.tek.testng.Command" name="commands" time="0.010"/>
</testsuite> <!-- com.tek.testng.Command -->
