<?xml version="1.0" encoding="UTF-8"?>
<!-- Generated by org.testng.reporters.JUnitReportReporter -->
<testsuite hostname="DESKTOP-N46G1GJ" failures="0" tests="2" name="com.tek.testng.ConfigurationAnnotationTestNG" time="0.012" errors="0" timestamp="2024-12-20T14:39:00 IST" skipped="0">
  <testcase classname="com.tek.testng.ConfigurationAnnotationTestNG" name="test2" time="0.004"/>
  <testcase classname="com.tek.testng.ConfigurationAnnotationTestNG" name="test1" time="0.008"/>
</testsuite> <!-- com.tek.testng.ConfigurationAnnotationTestNG -->
