<?xml version="1.0" encoding="UTF-8"?>
<!-- Generated by org.testng.reporters.JUnitReportReporter -->
<testsuite hostname="DESKTOP-N46G1GJ" failures="0" tests="1" name="com.tek.datadriventesting.ReadDataFromXMLParameter" time="18.800" errors="0" timestamp="2024-12-06T17:32:35 IST" skipped="0">
  <testcase classname="com.tek.datadriventesting.ReadDataFromXMLParameter" name="login" time="18.800"/>
</testsuite> <!-- com.tek.datadriventesting.ReadDataFromXMLParameter -->
