<?xml version="1.0" encoding="UTF-8"?>
<!-- Generated by org.testng.reporters.JUnitReportReporter -->
<testsuite hostname="DESKTOP-N46G1GJ" failures="0" tests="1" name="com.tek.datadriventesting.ReadDataFromXMLFile" time="9.087" errors="0" timestamp="2024-12-03T18:23:59 IST" skipped="0">
  <testcase classname="com.tek.datadriventesting.ReadDataFromXMLFile" name="login" time="9.087"/>
</testsuite> <!-- com.tek.datadriventesting.ReadDataFromXMLFile -->
