<?xml version="1.0" encoding="UTF-8"?>
<!-- Generated by org.testng.reporters.JUnitReportReporter -->
<testsuite hostname="DESKTOP-B3A25MM" failures="0" tests="9" name="com.tek.testng.EcommerceDemo" time="0.053" errors="0" timestamp="2025-01-26T23:53:01 IST" skipped="1">
  <testcase classname="com.tek.testng.EcommerceDemo" name="register" time="0.020"/>
  <testcase classname="com.tek.testng.EcommerceDemo" name="login" time="0.003"/>
  <testcase classname="com.tek.testng.EcommerceDemo" name="login" time="0.002"/>
  <testcase classname="com.tek.testng.EcommerceDemo" name="myProfile" time="0.003"/>
  <testcase classname="com.tek.testng.EcommerceDemo" name="search" time="0.002"/>
  <testcase classname="com.tek.testng.EcommerceDemo" name="orders" time="0.002"/>
  <testcase classname="com.tek.testng.EcommerceDemo" name="cart" time="0.007"/>
  <testcase classname="com.tek.testng.EcommerceDemo" name="wishlist" time="0.014"/>
  <testcase classname="com.tek.testng.EcommerceDemo" name="seller">
    <skipped/>
  </testcase> <!-- seller -->
</testsuite> <!-- com.tek.testng.EcommerceDemo -->
