<?xml version="1.0" encoding="UTF-8"?>
<!-- Generated by org.testng.reporters.JUnitReportReporter -->
<testsuite hostname="DESKTOP-N46G1GJ" failures="0" tests="3" name="com.tek.testng.DataProvider" time="0.013" errors="0" timestamp="2024-12-20T11:22:50 IST" skipped="0">
  <testcase classname="com.tek.testng.DataProvider" name="login" time="0.002"/>
  <testcase classname="com.tek.testng.DataProvider" name="login" time="0.006"/>
  <testcase classname="com.tek.testng.DataProvider" name="login" time="0.005"/>
</testsuite> <!-- com.tek.testng.DataProvider -->
