<?xml version="1.0" encoding="UTF-8"?>
<!-- Generated by org.testng.reporters.JUnitReportReporter -->
<testsuite hostname="DESKTOP-N46G1GJ" failures="0" tests="1" name="com.tek.datadriventesting.UnitTest_CheckProjectDataBase" time="0.340" errors="0" timestamp="2024-12-05T17:49:48 IST" skipped="0">
  <testcase classname="com.tek.datadriventesting.UnitTest_CheckProjectDataBase" name="checkDatabase" time="0.340"/>
</testsuite> <!-- com.tek.datadriventesting.UnitTest_CheckProjectDataBase -->
